C251 COMPILER V5.60.0,  main                                                               09/04/23  13:11:05  PAGE 1   


C251 COMPILER V5.60.0, COMPILATION OF MODULE main
OBJECT MODULE PLACED IN .\Objects\main.obj
COMPILER INVOKED BY: C:\Keil_v5\C251\BIN\C251.EXE main.c INTR2 BROWSE DEBUG PRINT(.\Listings\main.lst) TABS(2) OBJECT(.\
                    -Objects\main.obj) 

stmt  level    source

    1          #include <STC32G.h>
    2          #include <intrins.h>
    3          #define u8 unsigned char
    4          
    5          // IRC = 24Mhz
    6          
    7          u8 Timer0H = 0x00;
    8          u8 Timer0L = 0x00;
    9          
   10          u8 code soundTrack[][] = { {0xfa,0x12} , {0xfa,0x12} , {0xfa,0x12} , {0xfa,0x12} , {0xfa,0x12} , {0xfa,0x
             -12} , {0xfa,0x12} , {0xfa,0x12} , {0xfa,0x12} , {0xfa,0x12} , {0xfa,0x12} , {0xfa,0x12} , {0xfa,0x12} , {0xfa,0x12} , {0
             -xfa,0x12} , {0xfa,0x12} , {0xfa,0x12} , {0xfa,0x12} , {0xfa,0x12} , {0xfa,0x12} , {0xfa,0x12} , {0xfa,0x12} , {0xfa,0x12
             -} , {0xfa,0x12} , {0xfa,0x12} , {0xfa,0x12} , {0xfa,0x12} , {0xfa,0x12} , {0xfa,0x12} , {0xfa,0x12} , {0xfa,0x12} , {0xf
             -a,0x12} , {0xfa,0x12} , {0xfa,0x12} , {0xfa,0x12} , {0xfa,0x12} , {0xfa,0x12} , {0xfa,0x12} , {0xfa,0x12} , {0xfa,0x12} 
             -, {0xfb,0x8f} , {0xfc,0x43} , {0xfa,0x12} , {0xfc,0x43} , {0xfb,0x8f} , {0xfc,0x43} , {0xfa,0x12} , {0xfc,0x43} , {0xfa,
             -0x12} , {0xfa,0x12} , {0xfa,0x12} , {0xfa,0x12} , {0xfa,0x12} , {0xfa,0x12} , {0xfa,0x12} , {0xfa,0x12} , {0xfa,0x12} , 
             -{0xfa,0x12} , {0xfa,0x12} , {0xfa,0x12} , {0xfa,0x12} , {0xfa,0x12} , {0xfa,0x12} , {0xfa,0x12} , {0xfa,0x12} , {0xfa,0x
             -12} , {0xfa,0x12} , {0xfa,0x12} , {0xfa,0x12} , {0xfa,0x66} , {0xfa,0x12} , {0xf9,0xb7} , {0xfa,0x12} , {0xfb,0x8f} , {0
             -xfc,0x43} , {0xfc,0xab} , {0xfc,0xab} , {0xfc,0xab} , {0xfc,0xab} , {0xfc,0xab} , {0xfc,0x43} , {0xfc,0x0a} , {0xfc,0xab
             -} , {0xfc,0x43} , {0xfc,0x43} , {0xfc,0x43} , {0xfc,0x43} , {0xfc,0x43} , {0xfc,0x0a} , {0xfb,0x8f} , {0xfc,0x43} , {0xf
             -c,0x0a} , {0xfc,0x0a} , {0xfc,0x0a} , {0xfc,0x0a} , {0xfa,0xb8} , {0xfc,0x0a} , {0xfb,0x4a} , {0xff,0xff} , {0xff,0xff} 
             -, {0xfa,0x12} , {0xfa,0x12} , {0xfa,0x12} , {0xfa,0x12} , {0xfa,0x12} , {0xfa,0x12} , {0xfa,0x12} , {0xfa,0x12} , {0xfa,
             -0x12} , {0xfa,0x12} , {0xfa,0x12} , {0xfa,0x12} , {0xfa,0x12} , {0xfa,0x12} , {0xfa,0x12} , {0xfa,0x12} , {0xfa,0x12} , 
             -{0xfa,0x66} , {0xfa,0x12} , {0xf9,0xb7} , {0xfa,0x12} , {0xf7,0x1e} , {0xf8,0x87} , {0xfa,0x12} , {0xfb,0x8f} , {0xfc,0x
             -43} , {0xfc,0xab} , {0xfc,0x43} , {0xfc,0x0a} , {0xfc,0xab} , {0xfc,0x43} , {0xfc,0x0a} , {0xfb,0x8f} , {0xfc,0x43} , {0
             -xfc,0x0a} , {0xfb,0x8f} , {0xfb,0x4a} , {0xfc,0x0a} , {0xfb,0x8f} , {0xfa,0x12} , {0xf8,0x87} , {0xf7,0x1e} , {0xfa,0x66
             -} , {0xfa,0x12} , {0xf9,0x57} , {0xf8,0x87} , {0xf8,0x17} , {0xf7,0x1e} , {0xf6,0x95} , {0xf8,0x17} , {0xf7,0x1e} , {0xf
             -f,0xff} , {0xff,0xff} , {0xfa,0x12} , {0xfa,0x12} , {0xfa,0x12} , {0xfa,0x12} , {0xfa,0x12} , {0xfa,0x12} , {0xfa,0x12} 
             -, {0xfa,0x12} , {0xfa,0x12} , {0xfa,0x12} , {0xfa,0x12} , {0xfa,0x12} , {0xfa,0x12} , {0xfa,0x12} , {0xfa,0x12} , {0xfa,
             -0x12} , {0xfa,0x12} , {0xfa,0x12} , {0xfa,0x12} , {0xfa,0x12} , {0xfa,0x12} , {0xfa,0x66} , {0xfa,0x12} , {0xf9,0xb7} , 
             -{0xfa,0x12} , {0xfb,0x8f} , {0xfc,0x43} , {0xfc,0xab} , {0xfc,0xab} , {0xfc,0xab} , {0xfc,0xab} , {0xfc,0xab} , {0xfc,0x
             -43} , {0xfc,0x0a} , {0xfc,0xab} , {0xfc,0x43} , {0xfc,0x43} , {0xfc,0x43} , {0xfc,0x43} , {0xfc,0x43} , {0xfc,0x0a} , {0
             -xfb,0x8f} , {0xfc,0x43} , {0xfc,0x0a} , {0xfc,0x0a} , {0xfc,0x0a} , {0xfc,0x0a} , {0xfa,0xb8} , {0xfc,0x0a} , {0xfb,0x4a
             -} , {0xff,0xff} , {0xff,0xff} , {0xfa,0x12} , {0xfa,0x12} , {0xfa,0x12} , {0xfa,0x12} , {0xfa,0x12} , {0xfa,0x12} , {0xf
             -a,0x12} , {0xfa,0x12} , {0xfa,0x12} , {0xfa,0x12} , {0xfa,0x12} , {0xfa,0x12} , {0xfa,0x12} , {0xfa,0x12} , {0xfa,0x12} 
             -, {0xfa,0x12} , {0xfa,0x12} , {0xfa,0x66} , {0xfa,0x12} , {0xf9,0xb7} , {0xfa,0x12} , {0xf7,0x1e} , {0xf8,0x87} , {0xfa,
             -0x12} , {0xfb,0x8f} , {0xfc,0x43} , {0xfc,0xab} , {0xfc,0x43} , {0xfc,0x0a} , {0xfc,0xab} , {0xfc,0x43} , {0xfc,0x0a} , 
             -{0xfb,0x8f} , {0xfc,0x43} , {0xfc,0x0a} , {0xfb,0x8f} , {0xfb,0x4a} , {0xfc,0x0a} , {0xfb,0x8f} , {0xfa,0x12} , {0xf8,0x
             -87} , {0xf7,0x1e} , {0xfa,0x66} , {0xfa,0x12} , {0xf9,0x57} , {0xf8,0x87} , {0xf8,0x17} , {0xf7,0x1e} , {0xf6,0x95} , {0
             -xf8,0x17} , {0xf7,0x1e} , {0xff,0xff} , {0xff,0xff} , {0xfc,0xab} , {0xfc,0x43} , {0xfc,0xab} , {0xfd,0x08} , {0xfd,0x33
             -} , {0xfd,0x08} , {0xfc,0xab} , {0xfd,0x33} , {0xfd,0x08} , {0xfc,0xab} , {0xfc,0x43} , {0xfc,0xab} , {0xfd,0x08} , {0xf
             -c,0x43} , {0xfc,0x0a} , {0xfb,0xce} , {0xfc,0x0a} , {0xfc,0x43} , {0xfc,0xab} , {0xfc,0x43} , {0xfc,0x0a} , {0xfc,0xab} 
             -, {0xfc,0x43} , {0xfb,0x8f} , {0xfc,0x43} , {0xfd,0x08} , {0xfd,0xc6} , {0xfd,0x08} , {0xfc,0x43} , {0xfb,0x8f} , {0xfc,
             -0xab} , {0xfc,0x43} , {0xfc,0xab} , {0xfd,0x08} , {0xfd,0x33} , {0xfd,0x08} , {0xfc,0xab} , {0xfd,0x33} , {0xfd,0x08} , 
             -{0xfc,0xab} , {0xfc,0x43} , {0xfc,0xab} , {0xfd,0x08} , {0xfd,0xc6} , {0xff,0xff} , {0xfc,0xab} , {0xfd,0x33} , {0xfd,0x
             -08} , {0xfc,0x43} , {0xfc,0xab} , {0xfc,0x0a} , {0xfb,0x8f} , {0xff,0xff} , {0xfa,0x12} , {0xfb,0x8f} , {0xff,0xff} , {0
             -xff,0xff} , {0xfa,0x12} , {0xfa,0x12} , {0xfa,0x12} , {0xfa,0x12} , {0xfa,0x12} , {0xfa,0x12} , {0xfa,0x12} , {0xfa,0x12
             -} , {0xfa,0x12} , {0xfa,0x12} , {0xfa,0x12} , {0xfa,0x12} , {0xfa,0x12} , {0xfa,0x12} , {0xfa,0x12} , {0xfa,0x12} , {0xf
             -a,0x12} , {0xfa,0x12} , {0xfa,0x12} , {0xfa,0x12} , {0xfa,0x12} , {0xfa,0x66} , {0xfa,0x12} , {0xf9,0xb7} , {0xfa,0x12} 
             -, {0xfb,0x8f} , {0xfc,0x43} , {0xfc,0xab} , {0xfc,0xab} , {0xfc,0xab} , {0xfc,0xab} , {0xfc,0xab} , {0xfc,0x43} , {0xfc,
             -0x0a} , {0xfc,0xab} , {0xfc,0x43} , {0xfc,0x43} , {0xfc,0x43} , {0xfc,0x43} , {0xfc,0x43} , {0xfc,0x0a} , {0xfb,0x8f} , 
             -{0xfc,0x43} , {0xfc,0x0a} , {0xfc,0x0a} , {0xfc,0x0a} , {0xfc,0x0a} , {0xfa,0xb8} , {0xfc,0x0a} , {0xfb,0x4a} , {0xff,0x
             -ff} , {0xff,0xff} , {0xfa,0x12} , {0xfa,0x12} , {0xfa,0x12} , {0xfa,0x12} , {0xfa,0x12} , {0xfa,0x12} , {0xfa,0x12} , {0
             -xfa,0x12} , {0xfa,0x12} , {0xfa,0x12} , {0xfa,0x12} , {0xfa,0x12} , {0xfa,0x12} , {0xfa,0x12} , {0xfa,0x12} , {0xfa,0x12
             -} , {0xfa,0x12} , {0xfa,0x66} , {0xfa,0x12} , {0xf9,0xb7} , {0xfa,0x12} , {0xf7,0x1e} , {0xf8,0x87} , {0xfa,0x12} , {0xf
             -b,0x8f} , {0xfc,0x43} , {0xfc,0xab} , {0xfc,0x43} , {0xfc,0x0a} , {0xfc,0xab} , {0xfc,0x43} , {0xfc,0x0a} , {0xfb,0x8f} 
             -, {0xfc,0x43} , {0xfc,0x0a} , {0xfb,0x8f} , {0xfb,0x4a} , {0xfc,0x0a} , {0xfb,0x8f} , {0xfa,0x12} , {0xf8,0x87} , {0xf7,
             -0x1e} , {0xfa,0x66} , {0xfa,0x12} , {0xf9,0x57} , {0xf8,0x87} , {0xf8,0x17} , {0xf7,0x1e} , {0xf6,0x95} , {0xf8,0x17} , 
C251 COMPILER V5.60.0,  main                                                               09/04/23  13:11:05  PAGE 2   

             -{0xf7,0x1e} , {0xff,0xff} , {0xfb,0x8f} , {0xfc,0x43} , {0xfa,0x12} , {0xfc,0x43} , {0xfb,0x8f} , {0xfc,0x43} , {0xfa,0x
             -12} , {0xfc,0x43} , {0xfb,0x8f} , {0xfc,0x43} , {0xfa,0x12} , {0xfc,0x43} , {0xfb,0x8f} , {0xfc,0x43} , {0xfa,0x12} , {0
             -xfc,0x43} , {0xfb,0x8f} , {0xfc,0x43} , {0xfa,0x12} , {0xfc,0x43} , {0xfb,0x8f} , {0xfc,0x43} , {0xfa,0x12} , {0xfc,0x43
             -} , {0xfb,0x8f} , {0xfc,0x43} , {0xfa,0x12} , {0xfc,0x43} , {0xfb,0x8f} , {0xfc,0x43} , {0xfa,0x12} , {0xfc,0x43} , {0xf
             -a,0x12} , {0xfa,0x12} , {0xfa,0x12} , {0xfa,0x12} , {0xfa,0x12} , {0xfa,0x12} , {0xfa,0x12} , {0xfa,0x12} , {0xfa,0x12} 
             -, {0xfa,0x12} , {0xfa,0x12} , {0xfa,0x12} , {0xfa,0x12} , {0xfa,0x12} , {0xfa,0x12} , {0xfa,0x12} , {0xfa,0x12} , {0xfa,
             -0x66} , {0xfa,0x12} , {0xf9,0xb7} , {0xfa,0x12} , {0xf7,0x1e} , {0xf8,0x87} , {0xfa,0x12} , {0xfb,0x8f} , {0xfc,0x43} , 
             -{0xfc,0xab} , {0xfc,0xab} , {0xfc,0xab} , {0xfc,0xab} , {0xfc,0xab} , {0xfc,0x43} , {0xfc,0x0a} , {0xfc,0xab} , {0xfc,0x
             -43} , {0xfc,0x43} , {0xfc,0x43} , {0xfc,0x43} , {0xfc,0x43} , {0xfc,0x0a} , {0xfb,0x8f} , {0xfc,0x43} , {0xfc,0x0a} , {0
             -xfc,0x0a} , {0xfc,0x0a} , {0xfc,0x0a} , {0xfa,0xb8} , {0xfc,0x0a} , {0xfb,0x4a} , {0xff,0xff} , {0xff,0xff} , {0xfa,0x12
             -} , {0xfa,0x12} , {0xfa,0x12} , {0xfa,0x12} , {0xfa,0x12} , {0xfa,0x12} , {0xfa,0x12} , {0xfa,0x12} , {0xfa,0x12} , {0xf
             -a,0x12} , {0xfa,0x12} , {0xfa,0x12} , {0xfa,0x12} , {0xfa,0x12} , {0xfa,0x12} , {0xfa,0x12} , {0xfa,0x12} , {0xfa,0x66} 
             -, {0xfa,0x12} , {0xf9,0xb7} , {0xfa,0x12} , {0xf7,0x1e} , {0xf8,0x87} , {0xfa,0x12} , {0xfb,0x8f} , {0xfc,0x43} , {0xfc,
             -0xab} , {0xfc,0x43} , {0xfc,0x0a} , {0xfc,0xab} , {0xfc,0x43} , {0xfc,0x0a} , {0xfb,0x8f} , {0xfc,0x43} , {0xfc,0x0a} , 
             -{0xfb,0x8f} , {0xfb,0x4a} , {0xfc,0x0a} , {0xfb,0x8f} , {0xfa,0x12} , {0xf8,0x87} , {0xf7,0x1e} , {0xfa,0x66} , {0xfa,0x
             -12} , {0xf9,0x57} , {0xf8,0x87} , {0xf8,0x17} , {0xf7,0x1e} , {0xf6,0x95} , {0xf8,0x17} , {0xf7,0x1e} , {0xff,0xff} , {0
             -xff,0xff} , {0xfc,0xab} , {0xfc,0x43} , {0xfc,0xab} , {0xfd,0x08} , {0xfd,0x33} , {0xfd,0x08} , {0xfc,0xab} , {0xfd,0x33
             -} , {0xfd,0x08} , {0xfc,0xab} , {0xfc,0x43} , {0xfc,0xab} , {0xfd,0x08} , {0xfc,0x43} , {0xfc,0x0a} , {0xfb,0xce} , {0xf
             -c,0x0a} , {0xfc,0x43} , {0xfc,0xab} , {0xfc,0x43} , {0xfc,0x0a} , {0xfc,0xab} , {0xfc,0x43} , {0xfc,0x43} , {0xfb,0x8f} 
             -, {0xfb,0x8f} , {0xfc,0x43} , {0xfc,0x43} , {0xfd,0x08} , {0xfd,0x08} , {0xfd,0xc6} , {0xfd,0xc6} , {0xfd,0x08} , {0xfd,
             -0x08} , {0xfc,0x43} , {0xfc,0x43} , {0xfb,0x8f} , {0xfb,0x8f} , {0xfc,0xab} , {0xfc,0x43} , {0xfc,0xab} , {0xfd,0x08} , 
             -{0xfd,0x33} , {0xfd,0x08} , {0xfc,0xab} , {0xfd,0x33} , {0xfd,0x08} , {0xfc,0xab} , {0xfc,0x43} , {0xfc,0xab} , {0xfd,0x
             -08} , {0xfc,0x43} , {0xff,0xff} , {0xfc,0xab} , {0xfd,0x33} , {0xfd,0x08} , {0xfc,0x43} , {0xfc,0xab} , {0xfc,0x0a} , {0
             -xfb,0x8f} , {0xff,0xff} , {0xfa,0x12} , {0xfb,0x8f} , {0xff,0xff} , {0xff,0xff} , {0xfa,0x12} , {0xfa,0x12} , {0xfa,0x12
             -} , {0xfa,0x12} , {0xfa,0x12} , {0xfa,0x12} , {0xfa,0x12} , {0xfa,0x12} , {0xfa,0x12} , {0xfa,0x12} , {0xfa,0x12} , {0xf
             -a,0x12} , {0xfa,0x12} , {0xfa,0x12} , {0xfa,0x12} , {0xfa,0x12} , {0xfa,0x12} , {0xfa,0x66} , {0xfa,0x12} , {0xf9,0xb7} 
             -, {0xfa,0x12} , {0xf7,0x1e} , {0xf8,0x87} , {0xfa,0x12} , {0xfb,0x8f} , {0xfc,0x43} , {0xfc,0xab} , {0xfc,0xab} , {0xfc,
             -0xab} , {0xfc,0xab} , {0xfc,0xab} , {0xfc,0x43} , {0xfc,0x0a} , {0xfc,0xab} , {0xfc,0x43} , {0xfc,0x43} , {0xfc,0x43} , 
             -{0xfc,0x43} , {0xfc,0x43} , {0xfc,0x0a} , {0xfb,0x8f} , {0xfc,0x43} , {0xfc,0x0a} , {0xfc,0x0a} , {0xfc,0x0a} , {0xfc,0x
             -0a} , {0xfa,0xb8} , {0xfc,0x0a} , {0xfb,0x4a} , {0xff,0xff} , {0xff,0xff} , {0xfa,0x12} , {0xfa,0x12} , {0xfa,0x12} , {0
             -xfa,0x12} , {0xfa,0x12} , {0xfa,0x12} , {0xfa,0x12} , {0xfa,0x12} , {0xfa,0x12} , {0xfa,0x12} , {0xfa,0x12} , {0xfa,0x12
             -} , {0xfa,0x12} , {0xfa,0x12} , {0xfa,0x12} , {0xfa,0x12} , {0xfa,0x12} , {0xfa,0x66} , {0xfa,0x12} , {0xf9,0xb7} , {0xf
             -a,0x12} , {0xf7,0x1e} , {0xf8,0x87} , {0xfa,0x12} , {0xfb,0x8f} , {0xfc,0x43} , {0xfc,0xab} , {0xfc,0x43} , {0xfc,0x0a} 
             -, {0xfc,0xab} , {0xfc,0x43} , {0xfc,0x0a} , {0xfd,0xc6} , {0xfc,0x43} , {0xfc,0x0a} , {0xfb,0x8f} , {0xfb,0x4a} , {0xfc,
             -0x0a} , {0xfb,0x8f} , {0xfa,0x12} , {0xf8,0x87} , {0xf7,0x1e} , {0xfa,0x66} , {0xfa,0x12} , {0xf9,0x57} , {0xf8,0x87} , 
             -{0xf8,0x17} , {0xf7,0x1e} , {0xf6,0x95} , {0xf8,0x17} , {0xf7,0x1e} , {0xff,0xff} , {0xff,0xff} , {0xfa,0x12} , {0xfa,0x
             -12} , {0xfa,0x12} , {0xfa,0x12} , {0xfa,0x12} , {0xfa,0x12} , {0xfa,0x12} , {0xfa,0x12} , {0xfa,0x12} , {0xfa,0x12} , {0
             -xfa,0x12} , {0xfa,0x12} , {0xfa,0x12} , {0xfa,0x12} , {0xfa,0x12} , {0xfa,0x12} , {0xfa,0x12} , {0xfa,0x66} , {0xfa,0x12
             -} , {0xf9,0xb7} , {0xfa,0x12} , {0xf7,0x1e} , {0xf8,0x87} , {0xfa,0x12} , {0xfb,0x8f} , {0xfc,0x43} , {0xfc,0xab} , {0xf
             -c,0xab} , {0xfc,0xab} , {0xfc,0xab} , {0xfc,0xab} , {0xfc,0x43} , {0xfc,0x0a} , {0xfc,0xab} , {0xfc,0x43} , {0xfc,0x43} 
             -, {0xfc,0x43} , {0xfc,0x43} , {0xfc,0x43} , {0xfc,0x0a} , {0xfb,0x8f} , {0xfc,0x43} , {0xfc,0x0a} , {0xfc,0x0a} , {0xfc,
             -0x0a} , {0xfc,0x0a} , {0xfa,0xb8} , {0xfc,0x0a} , {0xfb,0x4a} , {0xff,0xff} , {0xff,0xff} , {0xfa,0x12} , {0xfa,0x12} , 
             -{0xfa,0x12} , {0xfa,0x12} , {0xfa,0x12} , {0xfa,0x12} , {0xfa,0x12} , {0xfa,0x12} , {0xfa,0x12} , {0xfa,0x12} , {0xfa,0x
             -12} , {0xfa,0x12} , {0xfa,0x12} , {0xfa,0x12} , {0xfa,0x12} , {0xfa,0x12} , {0xfa,0x12} , {0xfa,0x66} , {0xfa,0x12} , {0
             -xf9,0xb7} , {0xfa,0x12} , {0xf7,0x1e} , {0xf8,0x87} , {0xfa,0x12} , {0xfb,0x8f} , {0xfc,0x43} , {0xfc,0xab} , {0xfc,0x43
             -} , {0xfc,0x0a} , {0xfc,0xab} , {0xfc,0x43} , {0xfc,0x0a} , {0xfd,0xc6} , {0xfc,0x43} , {0xfc,0x0a} , {0xfb,0x8f} , {0xf
             -b,0x4a} , {0xfc,0x0a} , {0xfb,0x8f} , {0xfa,0x12} , {0xf8,0x87} , {0xf7,0x1e} , {0xfa,0x66} , {0xfa,0x12} , {0xf9,0x57} 
             -, {0xf8,0x87} , {0xf8,0x17} , {0xf7,0x1e} , {0xf6,0x95} , {0xf8,0x17} , {0xf7,0x1e} , {0xff,0xff} , {0xff,0xff} , {0xfc,
             -0xab} , {0xfc,0x43} , {0xfc,0x0a} , {0xfc,0xab} , {0xfc,0x43} , {0xfc,0x0a} , {0xfb,0x8f} , {0xfc,0x43} , {0xfc,0x0a} , 
             -{0xfb,0x8f} , {0xfb,0x4a} , {0xfc,0x0a} , {0xfb,0x8f} , {0xfa,0x12} , {0xf8,0x87} , {0xf7,0x1e} , {0xfc,0x43} , {0xfc,0x
             -0a} , {0xfb,0x8f} , {0xfc,0x43} , {0xfc,0x0a} , {0xfb,0x8f} , {0xfb,0x4a} , {0xfc,0x0a} , {0xfb,0x8f} , {0xff,0xff} , };
   11          float code time[] = { 1.000000 , 1.000000 , 1.000000 , 1.000000 , 0.500000 , 0.500000 , 0.500000 , 0.5000
             -00 , 0.250000 , 0.250000 , 0.250000 , 0.250000 , 0.250000 , 0.250000 , 0.250000 , 0.250000 , 0.200000 , 0.200000 , 0.200
             -000 , 0.200000 , 0.200000 , 0.200000 , 0.200000 , 0.200000 , 0.200000 , 0.200000 , 0.150000 , 0.150000 , 0.140000 , 0.14
             -0000 , 0.140000 , 0.140000 , 0.140000 , 0.150000 , 0.150000 , 0.140000 , 0.140000 , 0.140000 , 0.140000 , 0.140000 , 0.5
             -00000 , 0.500000 , 0.500000 , 0.500000 , 0.500000 , 0.500000 , 0.500000 , 0.500000 , 0.250000 , 0.250000 , 0.250000 , 0.
             -250000 , 0.250000 , 0.250000 , 0.250000 , 0.250000 , 0.250000 , 0.250000 , 0.250000 , 0.250000 , 0.250000 , 0.250000 , 0
             -.250000 , 0.250000 , 0.250000 , 0.250000 , 0.250000 , 0.250000 , 0.250000 , 0.250000 , 0.250000 , 0.250000 , 0.250000 , 
             -0.250000 , 1.000000 , 0.250000 , 0.250000 , 0.250000 , 0.250000 , 0.250000 , 0.250000 , 0.250000 , 0.250000 , 0.250000 ,
             - 0.250000 , 0.250000 , 0.250000 , 0.250000 , 0.250000 , 0.250000 , 0.250000 , 0.250000 , 0.250000 , 0.250000 , 0.250000 
             -, 0.500000 , 0.500000 , 0.500000 , 0.500000 , 1.000000 , 0.250000 , 0.250000 , 0.250000 , 0.250000 , 0.250000 , 0.250000
             - , 0.250000 , 0.250000 , 0.250000 , 0.250000 , 0.250000 , 0.250000 , 0.250000 , 0.250000 , 0.250000 , 0.250000 , 0.25000
             -0 , 0.250000 , 0.250000 , 0.250000 , 0.500000 , 0.250000 , 0.250000 , 0.500000 , 0.500000 , 1.000000 , 0.250000 , 0.2500
             -00 , 0.250000 , 0.250000 , 0.250000 , 0.250000 , 0.250000 , 0.250000 , 0.250000 , 0.250000 , 0.250000 , 0.250000 , 0.250
             -000 , 0.250000 , 0.250000 , 0.250000 , 0.250000 , 0.250000 , 0.250000 , 0.250000 , 0.250000 , 0.250000 , 0.250000 , 0.25
             -0000 , 0.500000 , 0.500000 , 1.000000 , 0.250000 , 0.250000 , 0.250000 , 0.250000 , 0.250000 , 0.250000 , 0.250000 , 0.2
C251 COMPILER V5.60.0,  main                                                               09/04/23  13:11:05  PAGE 3   

             -50000 , 0.250000 , 0.250000 , 0.250000 , 0.250000 , 0.250000 , 0.250000 , 0.250000 , 0.250000 , 0.250000 , 0.250000 , 0.
             -250000 , 0.250000 , 0.250000 , 0.250000 , 0.250000 , 0.250000 , 0.250000 , 0.250000 , 1.000000 , 0.250000 , 0.250000 , 0
             -.250000 , 0.250000 , 0.250000 , 0.250000 , 0.250000 , 0.250000 , 0.250000 , 0.250000 , 0.250000 , 0.250000 , 0.250000 , 
             -0.250000 , 0.250000 , 0.250000 , 0.250000 , 0.250000 , 0.250000 , 0.250000 , 0.500000 , 0.500000 , 0.500000 , 0.500000 ,
             - 1.000000 , 0.250000 , 0.250000 , 0.250000 , 0.250000 , 0.250000 , 0.250000 , 0.250000 , 0.250000 , 0.250000 , 0.250000 
             -, 0.250000 , 0.250000 , 0.250000 , 0.250000 , 0.250000 , 0.250000 , 0.250000 , 0.250000 , 0.250000 , 0.250000 , 0.500000
             - , 0.250000 , 0.250000 , 0.500000 , 0.500000 , 1.000000 , 0.250000 , 0.250000 , 0.250000 , 0.250000 , 0.250000 , 0.25000
             -0 , 0.250000 , 0.250000 , 0.250000 , 0.250000 , 0.250000 , 0.250000 , 0.250000 , 0.250000 , 0.250000 , 0.250000 , 0.2500
             -00 , 0.250000 , 0.250000 , 0.250000 , 0.250000 , 0.250000 , 0.250000 , 0.250000 , 0.500000 , 0.500000 , 1.000000 , 0.750
             -000 , 0.250000 , 0.500000 , 0.500000 , 0.500000 , 0.500000 , 0.500000 , 0.500000 , 0.750000 , 0.250000 , 0.500000 , 0.50
             -0000 , 1.500000 , 0.500000 , 0.750000 , 0.250000 , 0.500000 , 0.500000 , 0.500000 , 0.500000 , 0.500000 , 0.500000 , 0.5
             -00000 , 0.500000 , 0.500000 , 0.500000 , 0.500000 , 0.500000 , 0.500000 , 0.500000 , 0.750000 , 0.250000 , 0.500000 , 0.
             -500000 , 0.500000 , 0.500000 , 0.500000 , 0.500000 , 0.750000 , 0.250000 , 0.500000 , 0.500000 , 1.000000 , 1.000000 , 0
             -.500000 , 1.000000 , 0.500000 , 0.500000 , 0.500000 , 0.500000 , 0.500000 , 1.000000 , 0.500000 , 0.500000 , 0.500000 , 
             -0.500000 , 1.000000 , 0.250000 , 0.250000 , 0.250000 , 0.250000 , 0.250000 , 0.250000 , 0.250000 , 0.250000 , 0.250000 ,
             - 0.250000 , 0.250000 , 0.250000 , 0.250000 , 0.250000 , 0.250000 , 0.250000 , 0.250000 , 0.250000 , 0.250000 , 0.250000 
             -, 0.250000 , 0.250000 , 0.250000 , 0.250000 , 0.500000 , 0.500000 , 1.000000 , 0.250000 , 0.250000 , 0.250000 , 0.250000
             - , 0.250000 , 0.250000 , 0.250000 , 0.250000 , 0.250000 , 0.250000 , 0.250000 , 0.250000 , 0.250000 , 0.250000 , 0.25000
             -0 , 0.250000 , 0.250000 , 0.250000 , 0.250000 , 0.250000 , 0.500000 , 0.500000 , 0.500000 , 0.500000 , 1.000000 , 0.2500
             -00 , 0.250000 , 0.250000 , 0.250000 , 0.250000 , 0.250000 , 0.250000 , 0.250000 , 0.250000 , 0.250000 , 0.250000 , 0.250
             -000 , 0.250000 , 0.250000 , 0.250000 , 0.250000 , 0.250000 , 0.250000 , 0.250000 , 0.250000 , 0.500000 , 0.250000 , 0.25
             -0000 , 0.500000 , 0.500000 , 1.000000 , 0.250000 , 0.250000 , 0.250000 , 0.250000 , 0.250000 , 0.250000 , 0.250000 , 0.2
             -50000 , 0.250000 , 0.250000 , 0.250000 , 0.250000 , 0.250000 , 0.250000 , 0.250000 , 0.250000 , 0.250000 , 0.250000 , 0.
             -250000 , 0.250000 , 0.250000 , 0.250000 , 0.250000 , 0.250000 , 1.000000 , 1.000000 , 0.500000 , 0.500000 , 0.500000 , 0
             -.500000 , 0.500000 , 0.500000 , 0.500000 , 0.500000 , 0.500000 , 0.500000 , 0.500000 , 0.500000 , 0.500000 , 0.500000 , 
             -0.500000 , 0.500000 , 0.500000 , 0.500000 , 0.500000 , 0.500000 , 0.500000 , 0.500000 , 0.500000 , 0.500000 , 0.500000 ,
             - 0.500000 , 0.500000 , 0.500000 , 0.500000 , 0.500000 , 0.500000 , 0.500000 , 0.250000 , 0.250000 , 0.250000 , 0.250000 
             -, 0.250000 , 0.250000 , 0.250000 , 0.250000 , 0.250000 , 0.250000 , 0.250000 , 0.250000 , 0.250000 , 0.250000 , 0.250000
             - , 0.250000 , 0.250000 , 0.250000 , 0.250000 , 0.250000 , 0.500000 , 0.250000 , 0.250000 , 0.500000 , 0.500000 , 1.00000
             -0 , 0.250000 , 0.250000 , 0.250000 , 0.250000 , 0.250000 , 0.250000 , 0.250000 , 0.250000 , 0.250000 , 0.250000 , 0.2500
             -00 , 0.250000 , 0.250000 , 0.250000 , 0.250000 , 0.250000 , 0.250000 , 0.250000 , 0.250000 , 0.250000 , 0.500000 , 0.500
             -000 , 0.500000 , 0.500000 , 1.000000 , 0.250000 , 0.250000 , 0.250000 , 0.250000 , 0.250000 , 0.250000 , 0.250000 , 0.25
             -0000 , 0.250000 , 0.250000 , 0.250000 , 0.250000 , 0.250000 , 0.250000 , 0.250000 , 0.250000 , 0.250000 , 0.250000 , 0.2
             -50000 , 0.250000 , 0.500000 , 0.250000 , 0.250000 , 0.500000 , 0.500000 , 1.000000 , 0.250000 , 0.250000 , 0.250000 , 0.
             -250000 , 0.250000 , 0.250000 , 0.250000 , 0.250000 , 0.250000 , 0.250000 , 0.250000 , 0.250000 , 0.250000 , 0.250000 , 0
             -.250000 , 0.250000 , 0.250000 , 0.250000 , 0.250000 , 0.250000 , 0.250000 , 0.250000 , 0.250000 , 0.250000 , 0.500000 , 
             -0.500000 , 1.000000 , 0.750000 , 0.250000 , 0.500000 , 0.500000 , 0.500000 , 0.500000 , 0.500000 , 0.500000 , 0.750000 ,
             - 0.250000 , 0.500000 , 0.500000 , 1.500000 , 0.500000 , 0.750000 , 0.250000 , 0.500000 , 0.500000 , 0.500000 , 0.500000 
             -, 0.500000 , 0.500000 , 0.250000 , 0.250000 , 0.250000 , 0.250000 , 0.250000 , 0.250000 , 0.250000 , 0.250000 , 0.250000
             - , 0.250000 , 0.250000 , 0.250000 , 0.250000 , 0.250000 , 0.250000 , 0.250000 , 0.750000 , 0.250000 , 0.500000 , 0.50000
             -0 , 0.500000 , 0.500000 , 0.500000 , 0.500000 , 0.750000 , 0.250000 , 0.500000 , 0.500000 , 1.000000 , 1.000000 , 0.5000
             -00 , 1.000000 , 0.500000 , 0.500000 , 0.500000 , 0.500000 , 0.500000 , 1.000000 , 0.500000 , 0.500000 , 0.500000 , 0.500
             -000 , 1.000000 , 0.250000 , 0.250000 , 0.250000 , 0.250000 , 0.250000 , 0.250000 , 0.250000 , 0.250000 , 0.250000 , 0.25
             -0000 , 0.250000 , 0.250000 , 0.250000 , 0.250000 , 0.250000 , 0.250000 , 0.250000 , 0.250000 , 0.250000 , 0.250000 , 0.5
             -00000 , 0.250000 , 0.250000 , 0.500000 , 0.500000 , 1.000000 , 0.250000 , 0.250000 , 0.250000 , 0.250000 , 0.250000 , 0.
             -250000 , 0.250000 , 0.250000 , 0.250000 , 0.250000 , 0.250000 , 0.250000 , 0.250000 , 0.250000 , 0.250000 , 0.250000 , 0
             -.250000 , 0.250000 , 0.250000 , 0.250000 , 0.500000 , 0.500000 , 0.500000 , 0.500000 , 1.000000 , 0.250000 , 0.250000 , 
             -0.250000 , 0.250000 , 0.250000 , 0.250000 , 0.250000 , 0.250000 , 0.250000 , 0.250000 , 0.250000 , 0.250000 , 0.250000 ,
             - 0.250000 , 0.250000 , 0.250000 , 0.250000 , 0.250000 , 0.250000 , 0.250000 , 0.500000 , 0.250000 , 0.250000 , 0.500000 
             -, 0.500000 , 1.000000 , 0.250000 , 0.250000 , 0.250000 , 0.250000 , 0.250000 , 0.250000 , 0.250000 , 0.250000 , 0.250000
             - , 0.250000 , 0.250000 , 0.250000 , 0.250000 , 0.250000 , 0.250000 , 0.250000 , 0.250000 , 0.250000 , 0.250000 , 0.25000
             -0 , 0.250000 , 0.250000 , 0.250000 , 0.250000 , 0.500000 , 0.500000 , 1.000000 , 0.250000 , 0.250000 , 0.250000 , 0.2500
             -00 , 0.250000 , 0.250000 , 0.250000 , 0.250000 , 0.250000 , 0.250000 , 0.250000 , 0.250000 , 0.250000 , 0.250000 , 0.250
             -000 , 0.250000 , 0.250000 , 0.250000 , 0.250000 , 0.250000 , 0.500000 , 0.250000 , 0.250000 , 0.500000 , 0.500000 , 1.00
             -0000 , 0.250000 , 0.250000 , 0.250000 , 0.250000 , 0.250000 , 0.250000 , 0.250000 , 0.250000 , 0.250000 , 0.250000 , 0.2
             -50000 , 0.250000 , 0.250000 , 0.250000 , 0.250000 , 0.250000 , 0.250000 , 0.250000 , 0.250000 , 0.250000 , 0.500000 , 0.
             -500000 , 0.500000 , 0.500000 , 1.000000 , 0.250000 , 0.250000 , 0.250000 , 0.250000 , 0.250000 , 0.250000 , 0.250000 , 0
             -.250000 , 0.250000 , 0.250000 , 0.250000 , 0.250000 , 0.250000 , 0.250000 , 0.250000 , 0.250000 , 0.250000 , 0.250000 , 
             -0.250000 , 0.250000 , 0.500000 , 0.250000 , 0.250000 , 0.500000 , 0.500000 , 1.000000 , 0.250000 , 0.250000 , 0.250000 ,
             - 0.250000 , 0.250000 , 0.250000 , 0.250000 , 0.250000 , 0.250000 , 0.250000 , 0.250000 , 0.250000 , 0.250000 , 0.250000 
             -, 0.250000 , 0.250000 , 0.250000 , 0.250000 , 0.250000 , 0.250000 , 0.250000 , 0.250000 , 0.250000 , 0.250000 , 0.500000
             - , 0.500000 , 1.000000 , 0.250000 , 0.250000 , 0.250000 , 0.250000 , 0.250000 , 0.250000 , 0.250000 , 0.250000 , 0.25000
             -0 , 0.250000 , 0.250000 , 0.250000 , 0.250000 , 0.250000 , 0.250000 , 0.250000 , 0.250000 , 0.250000 , 0.250000 , 0.2500
             -00 , 0.250000 , 0.250000 , 0.250000 , 0.250000 , 1.000000 , 1.000000 , };
   12          
   13          int length = 854;
C251 COMPILER V5.60.0,  main                                                               09/04/23  13:11:05  PAGE 4   

   14          int speed = 110; // 120个音符代码每分钟
   15            
   16            
   17          int Interrupttimes = 0;
   18          
   19          void write()
   20          {
   21   1        P00 = !P00;
   22   1      }
   23          
   24          void T0() interrupt 1
   25          {
   26   1        write();
   27   1      }
   28          
   29          void T1() interrupt 3
   30          {
   31   1        Interrupttimes++;
   32   1      }
   33          
   34          
   35          void main()
   36          {
   37   1        int i = 0;
   38   1        int singleTime = 0;
   39   1        int sign = 1;
   40   1        int temple = 0;
   41   1      
   42   1        //24MHz = 20*10^6hz
   43   1        EAXFR = 1;
   44   1        WTST = 0x00;
   45   1        
   46   1        P0M0 = 0x00;
   47   1        P0M1 = 0x00;
   48   1        P1M0 = 0x00;
   49   1        P1M1 = 0x00;
   50   1        P2M0 = 0x00;
   51   1        P2M1 = 0x00;
   52   1        P3M0 = 0x00;
   53   1        P3M1 = 0x00;
   54   1        P4M0 = 0x00;
   55   1        P4M1 = 0x00;
   56   1        P5M0 = 0x00;
   57   1        P5M1 = 0x00;
   58   1        P6M0 = 0x00;
   59   1        P6M1 = 0x00;
   60   1        P7M0 = 0x00;
   61   1        P7M1 = 0x00;
   62   1        
   63   1        TMOD = 0x00;
   64   1        
   65   1        TL0 = 0x00; 
   66   1        TH0 = 0x00;   
   67   1        TL1 = 0xef; // 5ms一次中断
   68   1        TH1 = 0xd8;
   69   1        
   70   1        TR1 = 1;
   71   1        ET1 = 1;
   72   1        
   73   1        TR0 = 1;        //start timer0
   74   1        ET0 = 1;        //允许中断
   75   1        
   76   1        EA = 1;
   77   1        
   78   1        P00 = 0;
   79   1        P10 = 0;
C251 COMPILER V5.60.0,  main                                                               09/04/23  13:11:05  PAGE 5   

   80   1        
   81   1      
   82   1      
   83   1        while(1)
   84   1        {
   85   2                  
   86   2          if (sign == 1)  //重载
   87   2          {
   88   3            singleTime = (12000 / speed) * time[i] - 12;  // -4 因为要停顿
   89   3            Interrupttimes = 0;
   90   3            // 更改t0高低八位
   91   3            Timer0H = soundTrack[i][0];
   92   3            Timer0L = soundTrack[i][1];
   93   3            if (Timer0H == 0xff && Timer0L == 0xff)
   94   3            {
   95   4              ET0 = 0;        //不允许中断 停顿用
   96   4            }
   97   3            else              // 允许发声
   98   3            {
   99   4              TH0 = Timer0H;
  100   4              TL0 = Timer0L;
  101   4              ET0 = 1;
  102   4            }
  103   3            sign = 4;
  104   3          }
  105   2          else if (sign == 3) // 停顿标记
  106   2          {
  107   3            // 停顿一下
  108   3            singleTime = 12;
  109   3            Interrupttimes = 0;
  110   3            ET0 = 0;        //不允许中断
  111   3            sign = 2;
  112   3            i++;
  113   3          }
  114   2          // 判断时间到没到
  115   2          if (singleTime < Interrupttimes)
  116   2          {
  117   3            sign --;  // 设置停顿并重载标记
  118   3          }
  119   2          if (i >= length)
  120   2          {break;}
  121   2          
  122   2          
  123   2          
  124   2      
  125   2        }
  126   1        // stop
  127   1        ET0 = 0;
  128   1        ET1 = 0;
  129   1        P00 = 1;
  130   1        while(1){}
  131   1        
  132   1        
  133   1      }


Module Information          Static   Overlayable
------------------------------------------------
  code size            =      5466     ------
  ecode size           =    ------     ------
  data size            =         8     ------
  idata size           =    ------     ------
  pdata size           =    ------     ------
  xdata size           =    ------     ------
  xdata-const size     =    ------     ------
  edata size           =    ------     ------
  bit size             =    ------     ------
C251 COMPILER V5.60.0,  main                                                               09/04/23  13:11:05  PAGE 6   

  ebit size            =    ------     ------
  bitaddressable size  =    ------     ------
  ebitaddressable size =    ------     ------
  far data size        =    ------     ------
  huge data size       =    ------     ------
  const size           =    ------     ------
  hconst size          =    ------     ------
End of Module Information.


C251 COMPILATION COMPLETE.  0 WARNING(S),  0 ERROR(S)
